<?xml version="1.0" encoding="UTF-8"?>
<!-- Generated by org.testng.reporters.JUnitReportReporter -->
<testsuite hostname="Ankita_Laptop" failures="0" tests="4" name="runner.TestRunner" time="10.026" errors="0" timestamp="2026-03-08T21:58:47 IST" skipped="0">
  <testcase classname="runner.TestRunner" name="runScenario" time="4.594"/>
  <testcase classname="runner.TestRunner" name="runScenario" time="1.665"/>
  <testcase classname="runner.TestRunner" name="runScenario" time="2.299"/>
  <testcase classname="runner.TestRunner" name="runScenario" time="1.468"/>
</testsuite> <!-- runner.TestRunner -->
